Using pre-set license
Built from '2022.3/staging' branch; Version is '2022.3.10f1 (ff3792e53c62) revision 16725906'; Using compiler version '192829333'; Build Type 'Release'
OS: 'Windows 11  (10.0.22621) 64bit CoreSingleLanguage' Language: 'en' Physical Memory: 20332 MB
BatchMode: 1, IsHumanControllingUs: 0, StartBugReporterOnCrash: 0, Is64bit: 1, IsPro: 1

COMMAND LINE ARGUMENTS:
C:\Program Files\Unity\Hub\Editor\2022.3.10f1\Editor\Unity.exe
-adb2
-batchMode
-noUpm
-name
AssetImportWorker7
-projectPath
D:/UnityGames/MuseumTycoon
-logFile
Logs/AssetImportWorker7.log
-srvPort
51534
Successfully changed project path to: D:/UnityGames/MuseumTycoon
D:/UnityGames/MuseumTycoon
[UnityMemory] Configuration Parameters - Can be set up in boot.config
    "memorysetup-bucket-allocator-granularity=16"
    "memorysetup-bucket-allocator-bucket-count=8"
    "memorysetup-bucket-allocator-block-size=33554432"
    "memorysetup-bucket-allocator-block-count=8"
    "memorysetup-main-allocator-block-size=16777216"
    "memorysetup-thread-allocator-block-size=16777216"
    "memorysetup-gfx-main-allocator-block-size=16777216"
    "memorysetup-gfx-thread-allocator-block-size=16777216"
    "memorysetup-cache-allocator-block-size=4194304"
    "memorysetup-typetree-allocator-block-size=2097152"
    "memorysetup-profiler-bucket-allocator-granularity=16"
    "memorysetup-profiler-bucket-allocator-bucket-count=8"
    "memorysetup-profiler-bucket-allocator-block-size=33554432"
    "memorysetup-profiler-bucket-allocator-block-count=8"
    "memorysetup-profiler-allocator-block-size=16777216"
    "memorysetup-profiler-editor-allocator-block-size=1048576"
    "memorysetup-temp-allocator-size-main=16777216"
    "memorysetup-job-temp-allocator-block-size=2097152"
    "memorysetup-job-temp-allocator-block-size-background=1048576"
    "memorysetup-job-temp-allocator-reduction-small-platforms=262144"
    "memorysetup-allocator-temp-initial-block-size-main=262144"
    "memorysetup-allocator-temp-initial-block-size-worker=262144"
    "memorysetup-temp-allocator-size-background-worker=32768"
    "memorysetup-temp-allocator-size-job-worker=262144"
    "memorysetup-temp-allocator-size-preload-manager=33554432"
    "memorysetup-temp-allocator-size-nav-mesh-worker=65536"
    "memorysetup-temp-allocator-size-audio-worker=65536"
    "memorysetup-temp-allocator-size-cloud-worker=32768"
    "memorysetup-temp-allocator-size-gi-baking-worker=262144"
    "memorysetup-temp-allocator-size-gfx=262144"
Player connection [24132] Host "[IP] 192.168.205.93 [Port] 0 [Flags] 2 [Guid] 2910714186 [EditorId] 2910714186 [Version] 1048832 [Id] WindowsEditor(7,LAPTOP-6CFIF7UU) [Debug] 1 [PackageName] WindowsEditor [ProjectName] Editor" joined multi-casting on [225.0.0.222:54997]...

Player connection [24132] Host "[IP] 192.168.205.93 [Port] 0 [Flags] 2 [Guid] 2910714186 [EditorId] 2910714186 [Version] 1048832 [Id] WindowsEditor(7,LAPTOP-6CFIF7UU) [Debug] 1 [PackageName] WindowsEditor [ProjectName] Editor" joined alternative multi-casting on [225.0.0.222:34997]...

[Physics::Module] Initialized MultithreadedJobDispatcher with 11 workers.
Refreshing native plugins compatible for Editor in 6.91 ms, found 3 plugins.
Preloading 0 native plugins for Editor in 0.00 ms.
Initialize engine version: 2022.3.10f1 (ff3792e53c62)
[Subsystems] Discovering subsystems at path C:/Program Files/Unity/Hub/Editor/2022.3.10f1/Editor/Data/Resources/UnitySubsystems
[Subsystems] Discovering subsystems at path D:/UnityGames/MuseumTycoon/Assets
GfxDevice: creating device client; threaded=0; jobified=0
Direct3D:
    Version:  Direct3D 11.0 [level 11.1]
    Renderer: NVIDIA GeForce RTX 3060 Laptop GPU (ID=0x2520)
    Vendor:   NVIDIA
    VRAM:     6012 MB
    Driver:   31.0.15.3640
Initialize mono
Mono path[0] = 'C:/Program Files/Unity/Hub/Editor/2022.3.10f1/Editor/Data/Managed'
Mono path[1] = 'C:/Program Files/Unity/Hub/Editor/2022.3.10f1/Editor/Data/MonoBleedingEdge/lib/mono/unityjit-win32'
Mono config path = 'C:/Program Files/Unity/Hub/Editor/2022.3.10f1/Editor/Data/MonoBleedingEdge/etc'
Using monoOptions --debugger-agent=transport=dt_socket,embedding=1,server=y,suspend=n,address=127.0.0.1:56884
Begin MonoManager ReloadAssembly
Registering precompiled unity dll's ...
Register platform support module: C:/Program Files/Unity/Hub/Editor/2022.3.10f1/Editor/Data/PlaybackEngines/WebGLSupport/UnityEditor.WebGL.Extensions.dll
Register platform support module: C:/Program Files/Unity/Hub/Editor/2022.3.10f1/Editor/Data/PlaybackEngines/WindowsStandaloneSupport/UnityEditor.WindowsStandalone.Extensions.dll
Registered in 0.007988 seconds.
- Loaded All Assemblies, in  0.329 seconds
Native extension for WindowsStandalone target not found
Native extension for WebGL target not found
Mono: successfully reloaded assembly
- Finished resetting the current domain, in  0.221 seconds
Domain Reload Profiling: 549ms
	BeginReloadAssembly (111ms)
		ExecutionOrderSort (0ms)
		DisableScriptedObjects (0ms)
		BackupInstance (0ms)
		ReleaseScriptingObjects (0ms)
		CreateAndSetChildDomain (1ms)
	RebuildCommonClasses (32ms)
	RebuildNativeTypeToScriptingClass (9ms)
	initialDomainReloadingComplete (51ms)
	LoadAllAssembliesAndSetupDomain (124ms)
		LoadAssemblies (109ms)
		RebuildTransferFunctionScriptingTraits (0ms)
		AnalyzeDomain (122ms)
			TypeCache.Refresh (121ms)
				TypeCache.ScanAssembly (110ms)
			ScanForSourceGeneratedMonoScriptInfo (0ms)
			ResolveRequiredComponents (0ms)
	FinalizeReload (222ms)
		ReleaseScriptCaches (0ms)
		RebuildScriptCaches (0ms)
		SetupLoadedEditorAssemblies (173ms)
			LogAssemblyErrors (0ms)
			InitializePlatformSupportModulesInManaged (9ms)
			SetLoadedEditorAssemblies (4ms)
			RefreshPlugins (0ms)
			BeforeProcessingInitializeOnLoad (2ms)
			ProcessInitializeOnLoadAttributes (119ms)
			ProcessInitializeOnLoadMethodAttributes (39ms)
			AfterProcessingInitializeOnLoad (0ms)
			EditorAssembliesLoaded (0ms)
		ExecutionOrderSort2 (0ms)
		AwakeInstancesAfterBackupRestoration (0ms)
========================================================================
Worker process is ready to serve import requests
Begin MonoManager ReloadAssembly
- Loaded All Assemblies, in  0.542 seconds
Refreshing native plugins compatible for Editor in 1.81 ms, found 3 plugins.
Native extension for WindowsStandalone target not found
Native extension for WebGL target not found
Package Manager log level set to [2]
[Package Manager] Server::EnsureServerProcessIsRunning -- launch failed, reason: Unity was launched with the -noUpm command-line argument
[Package Manager] UpmClient::Send -- Unable to send message (not connected to UPM process).
[Package Manager] Cannot connect to Unity Package Manager local server
Mono: successfully reloaded assembly
- Finished resetting the current domain, in  0.557 seconds
Domain Reload Profiling: 1098ms
	BeginReloadAssembly (137ms)
		ExecutionOrderSort (0ms)
		DisableScriptedObjects (6ms)
		BackupInstance (0ms)
		ReleaseScriptingObjects (0ms)
		CreateAndSetChildDomain (27ms)
	RebuildCommonClasses (30ms)
	RebuildNativeTypeToScriptingClass (9ms)
	initialDomainReloadingComplete (39ms)
	LoadAllAssembliesAndSetupDomain (324ms)
		LoadAssemblies (236ms)
		RebuildTransferFunctionScriptingTraits (0ms)
		AnalyzeDomain (157ms)
			TypeCache.Refresh (129ms)
				TypeCache.ScanAssembly (117ms)
			ScanForSourceGeneratedMonoScriptInfo (19ms)
			ResolveRequiredComponents (8ms)
	FinalizeReload (558ms)
		ReleaseScriptCaches (0ms)
		RebuildScriptCaches (0ms)
		SetupLoadedEditorAssemblies (422ms)
			LogAssemblyErrors (0ms)
			InitializePlatformSupportModulesInManaged (8ms)
			SetLoadedEditorAssemblies (3ms)
			RefreshPlugins (0ms)
			BeforeProcessingInitializeOnLoad (59ms)
			ProcessInitializeOnLoadAttributes (289ms)
			ProcessInitializeOnLoadMethodAttributes (57ms)
			AfterProcessingInitializeOnLoad (6ms)
			EditorAssembliesLoaded (0ms)
		ExecutionOrderSort2 (0ms)
		AwakeInstancesAfterBackupRestoration (6ms)
Launched and connected shader compiler UnityShaderCompiler.exe after 0.04 seconds
Refreshing native plugins compatible for Editor in 3.24 ms, found 3 plugins.
Preloading 0 native plugins for Editor in 0.00 ms.
Unloading 4919 Unused Serialized files (Serialized files now loaded: 0)
Unloading 74 unused Assets / (0.8 MB). Loaded Objects now: 5370.
Memory consumption went from 205.4 MB to 204.7 MB.
Total: 4.006500 ms (FindLiveObjects: 0.535400 ms CreateObjectMapping: 0.248000 ms MarkObjects: 2.851400 ms  DeleteObjects: 0.370700 ms)

AssetImportParameters requested are different than current active one (requested -> active):
  custom:container-demuxer-ogg: 62fdf1f143b41e24485cea50d1cbac27 -> 
  custom:video-codec-MediaFoundation-h265: 746d11721c4dcdbdad8f713fa42b33f4 -> 
  custom:video-decoder-ogg-theora: a1e56fd34408186e4bbccfd4996cb3dc -> 
  custom:framework-win-MediaFoundation: 216162199b28c13a410421893ffa2e32 -> 
  custom:CustomObjectIndexerAttribute: a3ef5dd2817f97addfee359851a9dba5 -> 
  custom:container-demuxer-webm: 4f35f7cbe854078d1ac9338744f61a02 -> 
  custom:container-muxer-webm: aa71ff27fc2769a1b78a27578f13a17b -> 
  custom:video-decoder-webm-vp8: 9c59270c3fd7afecdb556c50c9e8de78 -> 
  custom:SearchIndexIgnoredProperties: e643bd26f0fe6173181afceb89e7c659 -> 
  custom:AudioImporter_EditorPlatform: d09bf68614088b80899f8185d706f6e7 -> 
  custom:video-encoder-webm-vp8: eb34c28f22e8b96e1ab97ce403110664 -> 
  custom:audio-decoder-ogg-vorbis: bf7c407c2cedff20999df2af8eb42d56 -> 
  custom:audio-encoder-webm-vorbis: bf7c407c2cedff20999df2af8eb42d56 -> 
========================================================================
Received Prepare
Begin MonoManager ReloadAssembly
- Loaded All Assemblies, in  0.430 seconds
Refreshing native plugins compatible for Editor in 2.00 ms, found 3 plugins.
Native extension for WindowsStandalone target not found
Native extension for WebGL target not found
[Package Manager] Server::EnsureServerProcessIsRunning -- launch failed, reason: Unity was launched with the -noUpm command-line argument
[Package Manager] UpmClient::Send -- Unable to send message (not connected to UPM process).
[Package Manager] Cannot connect to Unity Package Manager local server
Mono: successfully reloaded assembly
- Finished resetting the current domain, in  0.889 seconds
Domain Reload Profiling: 1318ms
	BeginReloadAssembly (154ms)
		ExecutionOrderSort (0ms)
		DisableScriptedObjects (4ms)
		BackupInstance (0ms)
		ReleaseScriptingObjects (0ms)
		CreateAndSetChildDomain (41ms)
	RebuildCommonClasses (32ms)
	RebuildNativeTypeToScriptingClass (15ms)
	initialDomainReloadingComplete (30ms)
	LoadAllAssembliesAndSetupDomain (196ms)
		LoadAssemblies (239ms)
		RebuildTransferFunctionScriptingTraits (0ms)
		AnalyzeDomain (32ms)
			TypeCache.Refresh (7ms)
				TypeCache.ScanAssembly (0ms)
			ScanForSourceGeneratedMonoScriptInfo (16ms)
			ResolveRequiredComponents (8ms)
	FinalizeReload (890ms)
		ReleaseScriptCaches (0ms)
		RebuildScriptCaches (0ms)
		SetupLoadedEditorAssemblies (417ms)
			LogAssemblyErrors (0ms)
			InitializePlatformSupportModulesInManaged (7ms)
			SetLoadedEditorAssemblies (2ms)
			RefreshPlugins (0ms)
			BeforeProcessingInitializeOnLoad (63ms)
			ProcessInitializeOnLoadAttributes (281ms)
			ProcessInitializeOnLoadMethodAttributes (57ms)
			AfterProcessingInitializeOnLoad (7ms)
			EditorAssembliesLoaded (0ms)
		ExecutionOrderSort2 (0ms)
		AwakeInstancesAfterBackupRestoration (13ms)
Refreshing native plugins compatible for Editor in 1.88 ms, found 3 plugins.
Preloading 0 native plugins for Editor in 0.00 ms.
Unloading 4762 Unused Serialized files (Serialized files now loaded: 0)
Unloading 49 unused Assets / (0.7 MB). Loaded Objects now: 5374.
Memory consumption went from 178.0 MB to 177.2 MB.
Total: 3.503500 ms (FindLiveObjects: 0.374100 ms CreateObjectMapping: 0.149900 ms MarkObjects: 2.415800 ms  DeleteObjects: 0.562400 ms)

Prepare: number of updated asset objects reloaded= 0
AssetImportParameters requested are different than current active one (requested -> active):
  custom:container-demuxer-ogg: 62fdf1f143b41e24485cea50d1cbac27 -> 
  custom:video-codec-MediaFoundation-h265: 746d11721c4dcdbdad8f713fa42b33f4 -> 
  custom:video-decoder-ogg-theora: a1e56fd34408186e4bbccfd4996cb3dc -> 
  custom:framework-win-MediaFoundation: 216162199b28c13a410421893ffa2e32 -> 
  custom:CustomObjectIndexerAttribute: a3ef5dd2817f97addfee359851a9dba5 -> 
  custom:container-demuxer-webm: 4f35f7cbe854078d1ac9338744f61a02 -> 
  custom:container-muxer-webm: aa71ff27fc2769a1b78a27578f13a17b -> 
  custom:video-decoder-webm-vp8: 9c59270c3fd7afecdb556c50c9e8de78 -> 
  custom:SearchIndexIgnoredProperties: e643bd26f0fe6173181afceb89e7c659 -> 
  custom:AudioImporter_EditorPlatform: d09bf68614088b80899f8185d706f6e7 -> 
  custom:video-encoder-webm-vp8: eb34c28f22e8b96e1ab97ce403110664 -> 
  custom:audio-decoder-ogg-vorbis: bf7c407c2cedff20999df2af8eb42d56 -> 
  custom:audio-encoder-webm-vorbis: bf7c407c2cedff20999df2af8eb42d56 -> 
========================================================================
Received Import Request.
  Time since last request: 803112.942989 seconds.
  path: Assets/PolygonFantasyKingdom/Models/SM_Item_Wargames_Piece_01.fbx
  artifactKey: Guid(99778c5e6a3dfa6439fe3033ba1aad52) Importer(815301076,1909f56bfc062723c751e8b465ee728b)
Start importing Assets/PolygonFantasyKingdom/Models/SM_Item_Wargames_Piece_01.fbx using Guid(99778c5e6a3dfa6439fe3033ba1aad52) Importer(815301076,1909f56bfc062723c751e8b465ee728b)  -> (artifact id: 'cadc6c4d570808def58f91adc8c54126') in 0.357661 seconds
Number of updated asset objects reloaded before import = 0
Number of asset objects unloaded after import = 27
========================================================================
Received Import Request.
  Time since last request: 0.000045 seconds.
  path: Assets/PolygonFantasyKingdom/Models/SM_Item_Wargames_Piece_11.fbx
  artifactKey: Guid(d5f119b728cec1944b06b72b9acdf134) Importer(815301076,1909f56bfc062723c751e8b465ee728b)
Start importing Assets/PolygonFantasyKingdom/Models/SM_Item_Wargames_Piece_11.fbx using Guid(d5f119b728cec1944b06b72b9acdf134) Importer(815301076,1909f56bfc062723c751e8b465ee728b)  -> (artifact id: 'ebeb217ae08a7dff3dab58aebce98520') in 0.024464 seconds
Number of updated asset objects reloaded before import = 0
Number of asset objects unloaded after import = 8
========================================================================
Received Import Request.
  Time since last request: 0.000028 seconds.
  path: Assets/PolygonFantasyKingdom/Models/SM_Item_Wargames_Piece_10.fbx
  artifactKey: Guid(5259f66724caacd479662bb5afb50c6d) Importer(815301076,1909f56bfc062723c751e8b465ee728b)
Start importing Assets/PolygonFantasyKingdom/Models/SM_Item_Wargames_Piece_10.fbx using Guid(5259f66724caacd479662bb5afb50c6d) Importer(815301076,1909f56bfc062723c751e8b465ee728b)  -> (artifact id: '9a6ffcb848c1afbcdb782c1a9fb7811a') in 0.021460 seconds
Number of updated asset objects reloaded before import = 0
Number of asset objects unloaded after import = 8
========================================================================
Received Import Request.
  Time since last request: 0.000027 seconds.
  path: Assets/PolygonFantasyKingdom/Models/Convex/SM_Item_Wargames_Piece_07_Convex.asset
  artifactKey: Guid(8ba5b485abec0044d8c1ea8ca05c5fe8) Importer(815301076,1909f56bfc062723c751e8b465ee728b)
Start importing Assets/PolygonFantasyKingdom/Models/Convex/SM_Item_Wargames_Piece_07_Convex.asset using Guid(8ba5b485abec0044d8c1ea8ca05c5fe8) Importer(815301076,1909f56bfc062723c751e8b465ee728b)  -> (artifact id: '9c017adef4f93486aad231dc6acb3b6c') in 0.015612 seconds
Number of updated asset objects reloaded before import = 0
Number of asset objects unloaded after import = 2
========================================================================
Received Import Request.
  Time since last request: 0.000045 seconds.
  path: Assets/PolygonFantasyKingdom/Models/SM_Item_Wargames_Piece_03.fbx
  artifactKey: Guid(60c28c563354dfa41be7cc83204ec79f) Importer(815301076,1909f56bfc062723c751e8b465ee728b)
Start importing Assets/PolygonFantasyKingdom/Models/SM_Item_Wargames_Piece_03.fbx using Guid(60c28c563354dfa41be7cc83204ec79f) Importer(815301076,1909f56bfc062723c751e8b465ee728b)  -> (artifact id: 'c2a1fca0fda96f695bd5df35d3c42442') in 0.020919 seconds
Number of updated asset objects reloaded before import = 0
Number of asset objects unloaded after import = 8
========================================================================
Received Import Request.
  Time since last request: 0.000024 seconds.
  path: Assets/PolygonFantasyKingdom/Models/Convex/SM_Item_Wargames_Piece_05_Convex.asset
  artifactKey: Guid(cab42011bef0f7c44bf21606f2343636) Importer(815301076,1909f56bfc062723c751e8b465ee728b)
Start importing Assets/PolygonFantasyKingdom/Models/Convex/SM_Item_Wargames_Piece_05_Convex.asset using Guid(cab42011bef0f7c44bf21606f2343636) Importer(815301076,1909f56bfc062723c751e8b465ee728b)  -> (artifact id: '15b5e7acc69c51445060ed7be5e534db') in 0.015085 seconds
Number of updated asset objects reloaded before import = 0
Number of asset objects unloaded after import = 2
========================================================================
Received Import Request.
  Time since last request: 0.000027 seconds.
  path: Assets/PolygonFantasyKingdom/Models/SM_Item_Wargames_Piece_09.fbx
  artifactKey: Guid(b84fd5530c0ae9643ad40a24bcd38c3d) Importer(815301076,1909f56bfc062723c751e8b465ee728b)
Start importing Assets/PolygonFantasyKingdom/Models/SM_Item_Wargames_Piece_09.fbx using Guid(b84fd5530c0ae9643ad40a24bcd38c3d) Importer(815301076,1909f56bfc062723c751e8b465ee728b)  -> (artifact id: 'd08a7543debb83966883837379276d75') in 0.025475 seconds
Number of updated asset objects reloaded before import = 0
Number of asset objects unloaded after import = 8
========================================================================
Received Import Request.
  Time since last request: 0.000039 seconds.
  path: Assets/PolygonFantasyKingdom/Prefabs/Items/SM_Item_Wargames_Piece_12.prefab
  artifactKey: Guid(19fbb4f731bdde24db002e3b10608739) Importer(815301076,1909f56bfc062723c751e8b465ee728b)
Start importing Assets/PolygonFantasyKingdom/Prefabs/Items/SM_Item_Wargames_Piece_12.prefab using Guid(19fbb4f731bdde24db002e3b10608739) Importer(815301076,1909f56bfc062723c751e8b465ee728b)  -> (artifact id: '6c1347535e97d26e40f22ca860606817') in 0.065737 seconds
Number of updated asset objects reloaded before import = 0
Number of asset objects unloaded after import = 14
========================================================================
Received Import Request.
  Time since last request: 0.000031 seconds.
  path: Assets/PolygonFantasyKingdom/Models/SM_Item_Wargames_Piece_04.fbx
  artifactKey: Guid(db0ca023e46462344afbeaf5e9639e0e) Importer(815301076,1909f56bfc062723c751e8b465ee728b)
Start importing Assets/PolygonFantasyKingdom/Models/SM_Item_Wargames_Piece_04.fbx using Guid(db0ca023e46462344afbeaf5e9639e0e) Importer(815301076,1909f56bfc062723c751e8b465ee728b)  -> (artifact id: 'f08ad45785081c8a88dc5aa5ab1582fd') in 0.020645 seconds
Number of updated asset objects reloaded before import = 0
Number of asset objects unloaded after import = 8
========================================================================
Received Import Request.
  Time since last request: 0.000042 seconds.
  path: Assets/PolygonFantasyKingdom/Models/SM_Item_Wargames_Piece_06.fbx
  artifactKey: Guid(1ac76dead4ebb2848a323aee68722a1f) Importer(815301076,1909f56bfc062723c751e8b465ee728b)
Start importing Assets/PolygonFantasyKingdom/Models/SM_Item_Wargames_Piece_06.fbx using Guid(1ac76dead4ebb2848a323aee68722a1f) Importer(815301076,1909f56bfc062723c751e8b465ee728b)  -> (artifact id: '79d83f0989ef8e06d6fcb4c1894269e9') in 0.022129 seconds
Number of updated asset objects reloaded before import = 0
Number of asset objects unloaded after import = 8
========================================================================
Received Import Request.
  Time since last request: 0.000031 seconds.
  path: Assets/PolygonFantasyKingdom/Models/Convex/SM_Item_Wargames_Piece_12_Convex.asset
  artifactKey: Guid(cec85cb4962da9e4e95276ec1f541051) Importer(815301076,1909f56bfc062723c751e8b465ee728b)
Start importing Assets/PolygonFantasyKingdom/Models/Convex/SM_Item_Wargames_Piece_12_Convex.asset using Guid(cec85cb4962da9e4e95276ec1f541051) Importer(815301076,1909f56bfc062723c751e8b465ee728b)  -> (artifact id: '92f82fb72605ee39e6e3856d90e32253') in 0.017556 seconds
Number of updated asset objects reloaded before import = 0
Number of asset objects unloaded after import = 2
========================================================================
Received Import Request.
  Time since last request: 0.000033 seconds.
  path: Assets/PolygonFantasyKingdom/Prefabs/Items/SM_Item_Wargames_Piece_06.prefab
  artifactKey: Guid(ce7b617f14440864da77f1b1dc5040c5) Importer(815301076,1909f56bfc062723c751e8b465ee728b)
Start importing Assets/PolygonFantasyKingdom/Prefabs/Items/SM_Item_Wargames_Piece_06.prefab using Guid(ce7b617f14440864da77f1b1dc5040c5) Importer(815301076,1909f56bfc062723c751e8b465ee728b)  -> (artifact id: 'e081ed0bf1a813050a4bcd5f2f7eee5c') in 0.040334 seconds
Number of updated asset objects reloaded before import = 0
Number of asset objects unloaded after import = 14
========================================================================
Received Import Request.
  Time since last request: 0.000024 seconds.
  path: Assets/PolygonFantasyKingdom/Models/SM_Item_Wargames_Piece_12.fbx
  artifactKey: Guid(950a7a1973aa41e4f9fac9747033152b) Importer(815301076,1909f56bfc062723c751e8b465ee728b)
Start importing Assets/PolygonFantasyKingdom/Models/SM_Item_Wargames_Piece_12.fbx using Guid(950a7a1973aa41e4f9fac9747033152b) Importer(815301076,1909f56bfc062723c751e8b465ee728b)  -> (artifact id: '02fd7946f01400f819c5b00c8e3b981f') in 0.031750 seconds
Number of updated asset objects reloaded before import = 0
Number of asset objects unloaded after import = 8
========================================================================
Received Import Request.
  Time since last request: 0.000019 seconds.
  path: Assets/PolygonFantasyKingdom/Models/Convex/SM_Item_Wargames_Piece_08_Convex.asset
  artifactKey: Guid(ca75c93c61833ba48ad132a78ec8e025) Importer(815301076,1909f56bfc062723c751e8b465ee728b)
Start importing Assets/PolygonFantasyKingdom/Models/Convex/SM_Item_Wargames_Piece_08_Convex.asset using Guid(ca75c93c61833ba48ad132a78ec8e025) Importer(815301076,1909f56bfc062723c751e8b465ee728b)  -> (artifact id: '90ff16d7eaa8328a2c46a114185d145e') in 0.015940 seconds
Number of updated asset objects reloaded before import = 0
Number of asset objects unloaded after import = 2
========================================================================
Received Import Request.
  Time since last request: 0.000029 seconds.
  path: Assets/PolygonFantasyKingdom/Models/SM_Item_Wargames_Piece_08.fbx
  artifactKey: Guid(4e616599cc3fe9e4497b588aa9ac2b61) Importer(815301076,1909f56bfc062723c751e8b465ee728b)
Start importing Assets/PolygonFantasyKingdom/Models/SM_Item_Wargames_Piece_08.fbx using Guid(4e616599cc3fe9e4497b588aa9ac2b61) Importer(815301076,1909f56bfc062723c751e8b465ee728b)  -> (artifact id: '55dbb0866abd99373260d28584de2bb0') in 0.024109 seconds
Number of updated asset objects reloaded before import = 0
Number of asset objects unloaded after import = 8
========================================================================
Received Import Request.
  Time since last request: 0.000032 seconds.
  path: Assets/PolygonFantasyKingdom/Models/Convex/SM_Item_Wargames_Piece_09_Convex.asset
  artifactKey: Guid(3e3d96d3851a2c048a1c8c4359f7da66) Importer(815301076,1909f56bfc062723c751e8b465ee728b)
Start importing Assets/PolygonFantasyKingdom/Models/Convex/SM_Item_Wargames_Piece_09_Convex.asset using Guid(3e3d96d3851a2c048a1c8c4359f7da66) Importer(815301076,1909f56bfc062723c751e8b465ee728b)  -> (artifact id: 'dcea7ddd207622883e7abd8a68c551c5') in 0.017050 seconds
Number of updated asset objects reloaded before import = 0
Number of asset objects unloaded after import = 2
========================================================================
Received Import Request.
  Time since last request: 0.000031 seconds.
  path: Assets/PolygonFantasyKingdom/Models/SM_Item_Wargames_Piece_13.fbx
  artifactKey: Guid(e3b3f78bf47c55c4f8808c3c99594cc7) Importer(815301076,1909f56bfc062723c751e8b465ee728b)
Start importing Assets/PolygonFantasyKingdom/Models/SM_Item_Wargames_Piece_13.fbx using Guid(e3b3f78bf47c55c4f8808c3c99594cc7) Importer(815301076,1909f56bfc062723c751e8b465ee728b)  -> (artifact id: '890a3b1b309eff843ea3022c3b34d687') in 0.025523 seconds
Number of updated asset objects reloaded before import = 0
Number of asset objects unloaded after import = 8
========================================================================
Received Import Request.
  Time since last request: 0.000025 seconds.
  path: Assets/PolygonFantasyKingdom/Models/Convex/SM_Item_Wargames_Piece_03_Convex.asset
  artifactKey: Guid(de3d92dca81e28d4ca2474db08e1706c) Importer(815301076,1909f56bfc062723c751e8b465ee728b)
Start importing Assets/PolygonFantasyKingdom/Models/Convex/SM_Item_Wargames_Piece_03_Convex.asset using Guid(de3d92dca81e28d4ca2474db08e1706c) Importer(815301076,1909f56bfc062723c751e8b465ee728b)  -> (artifact id: 'a08dd8424ec668aed15752b59901c622') in 0.011877 seconds
Number of updated asset objects reloaded before import = 0
Number of asset objects unloaded after import = 2
========================================================================
Received Import Request.
  Time since last request: 0.000019 seconds.
  path: Assets/PolygonFantasyKingdom/Prefabs/Items/SM_Item_Wargames_Piece_02.prefab
  artifactKey: Guid(af581608c395a384e947676c7fcfb401) Importer(815301076,1909f56bfc062723c751e8b465ee728b)
Start importing Assets/PolygonFantasyKingdom/Prefabs/Items/SM_Item_Wargames_Piece_02.prefab using Guid(af581608c395a384e947676c7fcfb401) Importer(815301076,1909f56bfc062723c751e8b465ee728b)  -> (artifact id: '80989c01b4588da30ad839a453ff2750') in 0.035202 seconds
Number of updated asset objects reloaded before import = 0
Number of asset objects unloaded after import = 14
========================================================================
Received Import Request.
  Time since last request: 0.000021 seconds.
  path: Assets/PolygonFantasyKingdom/Models/Convex/SM_Item_Wargames_Piece_11_Convex.asset
  artifactKey: Guid(87a82dfe558031743847d6c38b5c4d2e) Importer(815301076,1909f56bfc062723c751e8b465ee728b)
Start importing Assets/PolygonFantasyKingdom/Models/Convex/SM_Item_Wargames_Piece_11_Convex.asset using Guid(87a82dfe558031743847d6c38b5c4d2e) Importer(815301076,1909f56bfc062723c751e8b465ee728b)  -> (artifact id: '8b62779178ad41503d8a39c488b31712') in 0.012269 seconds
Number of updated asset objects reloaded before import = 0
Number of asset objects unloaded after import = 2
========================================================================
Received Import Request.
  Time since last request: 0.000046 seconds.
  path: Assets/PolygonFantasyKingdom/Prefabs/Items/SM_Item_Wargames_Piece_08.prefab
  artifactKey: Guid(2f4f8ce8fa6d67446b36d2c71e188a1f) Importer(815301076,1909f56bfc062723c751e8b465ee728b)
Start importing Assets/PolygonFantasyKingdom/Prefabs/Items/SM_Item_Wargames_Piece_08.prefab using Guid(2f4f8ce8fa6d67446b36d2c71e188a1f) Importer(815301076,1909f56bfc062723c751e8b465ee728b)  -> (artifact id: '3cbd3239e9c4ef88ef5088951fb05081') in 0.039630 seconds
Number of updated asset objects reloaded before import = 0
Number of asset objects unloaded after import = 14
========================================================================
Received Import Request.
  Time since last request: 0.000026 seconds.
  path: Assets/PolygonFantasyKingdom/Prefabs/Items/SM_Item_Wargames_Piece_09.prefab
  artifactKey: Guid(a386740d31236b94b92dc9912d897192) Importer(815301076,1909f56bfc062723c751e8b465ee728b)
Start importing Assets/PolygonFantasyKingdom/Prefabs/Items/SM_Item_Wargames_Piece_09.prefab using Guid(a386740d31236b94b92dc9912d897192) Importer(815301076,1909f56bfc062723c751e8b465ee728b)  -> (artifact id: 'f56683835533f7de6f723c4e422a4b27') in 0.031768 seconds
Number of updated asset objects reloaded before import = 0
Number of asset objects unloaded after import = 14
========================================================================
Received Import Request.
  Time since last request: 151.375965 seconds.
  path: Assets/PolygonFantasyKingdom/Prefabs/House/SM_Bld_House_Tower_Door_01.prefab
  artifactKey: Guid(e0413bf18b411ce4a87c17d370afd3c3) Importer(815301076,1909f56bfc062723c751e8b465ee728b)
Start importing Assets/PolygonFantasyKingdom/Prefabs/House/SM_Bld_House_Tower_Door_01.prefab using Guid(e0413bf18b411ce4a87c17d370afd3c3) Importer(815301076,1909f56bfc062723c751e8b465ee728b)  -> (artifact id: '4351de24ec24e550db924b2ecdfdf7e1') in 0.042153 seconds
Number of updated asset objects reloaded before import = 0
Number of asset objects unloaded after import = 20
========================================================================
Received Import Request.
  Time since last request: 0.000021 seconds.
  path: Assets/PolygonFantasyKingdom/Prefabs/Props/SM_Prop_Door_Boarding_01.prefab
  artifactKey: Guid(2b1c7d754a61b0041b480d3ab242f9b1) Importer(815301076,1909f56bfc062723c751e8b465ee728b)
Start importing Assets/PolygonFantasyKingdom/Prefabs/Props/SM_Prop_Door_Boarding_01.prefab using Guid(2b1c7d754a61b0041b480d3ab242f9b1) Importer(815301076,1909f56bfc062723c751e8b465ee728b)  -> (artifact id: '67bf778b8ca82784a06f7c0ad92fcdbd') in 0.038558 seconds
Number of updated asset objects reloaded before import = 0
Number of asset objects unloaded after import = 14
========================================================================
Received Import Request.
  Time since last request: 3.533329 seconds.
  path: Assets/PolygonFantasyKingdom/Prefabs/Props/SM_Prop_Fence_Gate_01.prefab
  artifactKey: Guid(947f5ae0cb6cd9944ba9a66c0667d6be) Importer(815301076,1909f56bfc062723c751e8b465ee728b)
Start importing Assets/PolygonFantasyKingdom/Prefabs/Props/SM_Prop_Fence_Gate_01.prefab using Guid(947f5ae0cb6cd9944ba9a66c0667d6be) Importer(815301076,1909f56bfc062723c751e8b465ee728b)  -> (artifact id: 'b79301b141d75a95aa9ecd3721203b36') in 0.042588 seconds
Number of updated asset objects reloaded before import = 0
Number of asset objects unloaded after import = 14
========================================================================
Received Import Request.
  Time since last request: 101.829456 seconds.
  path: Assets/PolygonFantasyKingdom/Prefabs/Castle/SM_Bld_Keep_Pillar_01.prefab
  artifactKey: Guid(8804e8d28a8d0124cab97d96f73aa955) Importer(815301076,1909f56bfc062723c751e8b465ee728b)
Start importing Assets/PolygonFantasyKingdom/Prefabs/Castle/SM_Bld_Keep_Pillar_01.prefab using Guid(8804e8d28a8d0124cab97d96f73aa955) Importer(815301076,1909f56bfc062723c751e8b465ee728b)  -> (artifact id: 'f9218152f51b67646054d8f9a727e697') in 0.030074 seconds
Number of updated asset objects reloaded before import = 0
Number of asset objects unloaded after import = 13
========================================================================
Received Import Request.
  Time since last request: 0.000025 seconds.
  path: Assets/PolygonFantasyKingdom/Prefabs/Castle/SM_Bld_Keep_Pillar_Cap_01.prefab
  artifactKey: Guid(cc84c1cbf02be5149aeebfc6195cdbdc) Importer(815301076,1909f56bfc062723c751e8b465ee728b)
Start importing Assets/PolygonFantasyKingdom/Prefabs/Castle/SM_Bld_Keep_Pillar_Cap_01.prefab using Guid(cc84c1cbf02be5149aeebfc6195cdbdc) Importer(815301076,1909f56bfc062723c751e8b465ee728b)  -> (artifact id: '4949e56b0b7254d0ee24e7832d492342') in 0.027211 seconds
Number of updated asset objects reloaded before import = 0
Number of asset objects unloaded after import = 13
========================================================================
Received Import Request.
  Time since last request: 0.000047 seconds.
  path: Assets/PolygonFantasyKingdom/Prefabs/Castle/SM_Bld_Walkway_Wood_Railing_Pillar_01.prefab
  artifactKey: Guid(1dc7234c85986e543ae17fc601f758d6) Importer(815301076,1909f56bfc062723c751e8b465ee728b)
Start importing Assets/PolygonFantasyKingdom/Prefabs/Castle/SM_Bld_Walkway_Wood_Railing_Pillar_01.prefab using Guid(1dc7234c85986e543ae17fc601f758d6) Importer(815301076,1909f56bfc062723c751e8b465ee728b)  -> (artifact id: '2cf5d35b3230c3e042ef9105bcae5b0d') in 0.043158 seconds
Number of updated asset objects reloaded before import = 0
Number of asset objects unloaded after import = 14
========================================================================
Received Import Request.
  Time since last request: 0.000020 seconds.
  path: Assets/PolygonFantasyKingdom/Prefabs/Castle/SM_Bld_Keep_Pillar_02.prefab
  artifactKey: Guid(38350180c7aab2c409bbcfc4bd8b52f1) Importer(815301076,1909f56bfc062723c751e8b465ee728b)
Start importing Assets/PolygonFantasyKingdom/Prefabs/Castle/SM_Bld_Keep_Pillar_02.prefab using Guid(38350180c7aab2c409bbcfc4bd8b52f1) Importer(815301076,1909f56bfc062723c751e8b465ee728b)  -> (artifact id: '143bc64fc75641d834630864981c5a7d') in 0.018732 seconds
Number of updated asset objects reloaded before import = 0
Number of asset objects unloaded after import = 13
Editor requested this worker to shutdown with reason: Scaling down because of idle timeout
TcpMessagingSession - receive error: operation aborted. errorcode: 995, details: The I/O operation has been aborted because of either a thread exit or an application request.
AssetImportWorker is now disconnected from the server
Process exiting
Exiting without the bug reporter. Application will terminate with return code 0