Using pre-set license
Built from '2022.3/staging' branch; Version is '2022.3.10f1 (ff3792e53c62) revision 16725906'; Using compiler version '192829333'; Build Type 'Release'
OS: 'Windows 11  (10.0.22621) 64bit CoreSingleLanguage' Language: 'en' Physical Memory: 20332 MB
BatchMode: 1, IsHumanControllingUs: 0, StartBugReporterOnCrash: 0, Is64bit: 1, IsPro: 1

COMMAND LINE ARGUMENTS:
C:\Program Files\Unity\Hub\Editor\2022.3.10f1\Editor\Unity.exe
-adb2
-batchMode
-noUpm
-name
AssetImportWorker6
-projectPath
D:/UnityGames/MuseumTycoon
-logFile
Logs/AssetImportWorker6.log
-srvPort
51534
Successfully changed project path to: D:/UnityGames/MuseumTycoon
D:/UnityGames/MuseumTycoon
[UnityMemory] Configuration Parameters - Can be set up in boot.config
    "memorysetup-bucket-allocator-granularity=16"
    "memorysetup-bucket-allocator-bucket-count=8"
    "memorysetup-bucket-allocator-block-size=33554432"
    "memorysetup-bucket-allocator-block-count=8"
    "memorysetup-main-allocator-block-size=16777216"
    "memorysetup-thread-allocator-block-size=16777216"
    "memorysetup-gfx-main-allocator-block-size=16777216"
    "memorysetup-gfx-thread-allocator-block-size=16777216"
    "memorysetup-cache-allocator-block-size=4194304"
    "memorysetup-typetree-allocator-block-size=2097152"
    "memorysetup-profiler-bucket-allocator-granularity=16"
    "memorysetup-profiler-bucket-allocator-bucket-count=8"
    "memorysetup-profiler-bucket-allocator-block-size=33554432"
    "memorysetup-profiler-bucket-allocator-block-count=8"
    "memorysetup-profiler-allocator-block-size=16777216"
    "memorysetup-profiler-editor-allocator-block-size=1048576"
    "memorysetup-temp-allocator-size-main=16777216"
    "memorysetup-job-temp-allocator-block-size=2097152"
    "memorysetup-job-temp-allocator-block-size-background=1048576"
    "memorysetup-job-temp-allocator-reduction-small-platforms=262144"
    "memorysetup-allocator-temp-initial-block-size-main=262144"
    "memorysetup-allocator-temp-initial-block-size-worker=262144"
    "memorysetup-temp-allocator-size-background-worker=32768"
    "memorysetup-temp-allocator-size-job-worker=262144"
    "memorysetup-temp-allocator-size-preload-manager=33554432"
    "memorysetup-temp-allocator-size-nav-mesh-worker=65536"
    "memorysetup-temp-allocator-size-audio-worker=65536"
    "memorysetup-temp-allocator-size-cloud-worker=32768"
    "memorysetup-temp-allocator-size-gi-baking-worker=262144"
    "memorysetup-temp-allocator-size-gfx=262144"
Player connection [13224] Host "[IP] 192.168.205.93 [Port] 0 [Flags] 2 [Guid] 1626383230 [EditorId] 1626383230 [Version] 1048832 [Id] WindowsEditor(7,LAPTOP-6CFIF7UU) [Debug] 1 [PackageName] WindowsEditor [ProjectName] Editor" joined multi-casting on [225.0.0.222:54997]...

Player connection [13224] Host "[IP] 192.168.205.93 [Port] 0 [Flags] 2 [Guid] 1626383230 [EditorId] 1626383230 [Version] 1048832 [Id] WindowsEditor(7,LAPTOP-6CFIF7UU) [Debug] 1 [PackageName] WindowsEditor [ProjectName] Editor" joined alternative multi-casting on [225.0.0.222:34997]...

[Physics::Module] Initialized MultithreadedJobDispatcher with 11 workers.
Refreshing native plugins compatible for Editor in 6.51 ms, found 3 plugins.
Preloading 0 native plugins for Editor in 0.00 ms.
Initialize engine version: 2022.3.10f1 (ff3792e53c62)
[Subsystems] Discovering subsystems at path C:/Program Files/Unity/Hub/Editor/2022.3.10f1/Editor/Data/Resources/UnitySubsystems
[Subsystems] Discovering subsystems at path D:/UnityGames/MuseumTycoon/Assets
GfxDevice: creating device client; threaded=0; jobified=0
Direct3D:
    Version:  Direct3D 11.0 [level 11.1]
    Renderer: NVIDIA GeForce RTX 3060 Laptop GPU (ID=0x2520)
    Vendor:   NVIDIA
    VRAM:     6012 MB
    Driver:   31.0.15.3640
Initialize mono
Mono path[0] = 'C:/Program Files/Unity/Hub/Editor/2022.3.10f1/Editor/Data/Managed'
Mono path[1] = 'C:/Program Files/Unity/Hub/Editor/2022.3.10f1/Editor/Data/MonoBleedingEdge/lib/mono/unityjit-win32'
Mono config path = 'C:/Program Files/Unity/Hub/Editor/2022.3.10f1/Editor/Data/MonoBleedingEdge/etc'
Using monoOptions --debugger-agent=transport=dt_socket,embedding=1,server=y,suspend=n,address=127.0.0.1:56748
Begin MonoManager ReloadAssembly
Registering precompiled unity dll's ...
Register platform support module: C:/Program Files/Unity/Hub/Editor/2022.3.10f1/Editor/Data/PlaybackEngines/WebGLSupport/UnityEditor.WebGL.Extensions.dll
Register platform support module: C:/Program Files/Unity/Hub/Editor/2022.3.10f1/Editor/Data/PlaybackEngines/WindowsStandaloneSupport/UnityEditor.WindowsStandalone.Extensions.dll
Registered in 0.007240 seconds.
- Loaded All Assemblies, in  0.325 seconds
Native extension for WindowsStandalone target not found
Native extension for WebGL target not found
Mono: successfully reloaded assembly
- Finished resetting the current domain, in  0.209 seconds
Domain Reload Profiling: 532ms
	BeginReloadAssembly (90ms)
		ExecutionOrderSort (0ms)
		DisableScriptedObjects (0ms)
		BackupInstance (0ms)
		ReleaseScriptingObjects (0ms)
		CreateAndSetChildDomain (1ms)
	RebuildCommonClasses (32ms)
	RebuildNativeTypeToScriptingClass (9ms)
	initialDomainReloadingComplete (52ms)
	LoadAllAssembliesAndSetupDomain (141ms)
		LoadAssemblies (88ms)
		RebuildTransferFunctionScriptingTraits (0ms)
		AnalyzeDomain (139ms)
			TypeCache.Refresh (138ms)
				TypeCache.ScanAssembly (125ms)
			ScanForSourceGeneratedMonoScriptInfo (0ms)
			ResolveRequiredComponents (0ms)
	FinalizeReload (209ms)
		ReleaseScriptCaches (0ms)
		RebuildScriptCaches (0ms)
		SetupLoadedEditorAssemblies (163ms)
			LogAssemblyErrors (0ms)
			InitializePlatformSupportModulesInManaged (9ms)
			SetLoadedEditorAssemblies (5ms)
			RefreshPlugins (0ms)
			BeforeProcessingInitializeOnLoad (2ms)
			ProcessInitializeOnLoadAttributes (106ms)
			ProcessInitializeOnLoadMethodAttributes (40ms)
			AfterProcessingInitializeOnLoad (0ms)
			EditorAssembliesLoaded (0ms)
		ExecutionOrderSort2 (0ms)
		AwakeInstancesAfterBackupRestoration (0ms)
========================================================================
Worker process is ready to serve import requests
Begin MonoManager ReloadAssembly
- Loaded All Assemblies, in  0.536 seconds
Refreshing native plugins compatible for Editor in 1.95 ms, found 3 plugins.
Native extension for WindowsStandalone target not found
Native extension for WebGL target not found
Package Manager log level set to [2]
[Package Manager] Server::EnsureServerProcessIsRunning -- launch failed, reason: Unity was launched with the -noUpm command-line argument
[Package Manager] UpmClient::Send -- Unable to send message (not connected to UPM process).
[Package Manager] Cannot connect to Unity Package Manager local server
Mono: successfully reloaded assembly
- Finished resetting the current domain, in  0.583 seconds
Domain Reload Profiling: 1117ms
	BeginReloadAssembly (128ms)
		ExecutionOrderSort (0ms)
		DisableScriptedObjects (5ms)
		BackupInstance (0ms)
		ReleaseScriptingObjects (0ms)
		CreateAndSetChildDomain (23ms)
	RebuildCommonClasses (29ms)
	RebuildNativeTypeToScriptingClass (9ms)
	initialDomainReloadingComplete (34ms)
	LoadAllAssembliesAndSetupDomain (334ms)
		LoadAssemblies (245ms)
		RebuildTransferFunctionScriptingTraits (0ms)
		AnalyzeDomain (160ms)
			TypeCache.Refresh (134ms)
				TypeCache.ScanAssembly (121ms)
			ScanForSourceGeneratedMonoScriptInfo (18ms)
			ResolveRequiredComponents (7ms)
	FinalizeReload (583ms)
		ReleaseScriptCaches (0ms)
		RebuildScriptCaches (0ms)
		SetupLoadedEditorAssemblies (441ms)
			LogAssemblyErrors (0ms)
			InitializePlatformSupportModulesInManaged (7ms)
			SetLoadedEditorAssemblies (3ms)
			RefreshPlugins (0ms)
			BeforeProcessingInitializeOnLoad (60ms)
			ProcessInitializeOnLoadAttributes (299ms)
			ProcessInitializeOnLoadMethodAttributes (62ms)
			AfterProcessingInitializeOnLoad (10ms)
			EditorAssembliesLoaded (0ms)
		ExecutionOrderSort2 (0ms)
		AwakeInstancesAfterBackupRestoration (7ms)
Launched and connected shader compiler UnityShaderCompiler.exe after 0.05 seconds
Refreshing native plugins compatible for Editor in 2.92 ms, found 3 plugins.
Preloading 0 native plugins for Editor in 0.00 ms.
Unloading 4919 Unused Serialized files (Serialized files now loaded: 0)
Unloading 74 unused Assets / (0.8 MB). Loaded Objects now: 5370.
Memory consumption went from 205.5 MB to 204.7 MB.
Total: 3.716900 ms (FindLiveObjects: 0.341100 ms CreateObjectMapping: 0.296300 ms MarkObjects: 2.719300 ms  DeleteObjects: 0.359200 ms)

AssetImportParameters requested are different than current active one (requested -> active):
  custom:container-demuxer-ogg: 62fdf1f143b41e24485cea50d1cbac27 -> 
  custom:video-codec-MediaFoundation-h265: 746d11721c4dcdbdad8f713fa42b33f4 -> 
  custom:video-decoder-ogg-theora: a1e56fd34408186e4bbccfd4996cb3dc -> 
  custom:framework-win-MediaFoundation: 216162199b28c13a410421893ffa2e32 -> 
  custom:CustomObjectIndexerAttribute: a3ef5dd2817f97addfee359851a9dba5 -> 
  custom:container-demuxer-webm: 4f35f7cbe854078d1ac9338744f61a02 -> 
  custom:container-muxer-webm: aa71ff27fc2769a1b78a27578f13a17b -> 
  custom:video-decoder-webm-vp8: 9c59270c3fd7afecdb556c50c9e8de78 -> 
  custom:SearchIndexIgnoredProperties: e643bd26f0fe6173181afceb89e7c659 -> 
  custom:AudioImporter_EditorPlatform: d09bf68614088b80899f8185d706f6e7 -> 
  custom:video-encoder-webm-vp8: eb34c28f22e8b96e1ab97ce403110664 -> 
  custom:audio-decoder-ogg-vorbis: bf7c407c2cedff20999df2af8eb42d56 -> 
  custom:audio-encoder-webm-vorbis: bf7c407c2cedff20999df2af8eb42d56 -> 
========================================================================
Received Import Request.
  Time since last request: 802908.392094 seconds.
  path: Assets/PolygonFantasyKingdom/Prefabs/House/SM_Bld_House_Wall_Half_Window_01.prefab
  artifactKey: Guid(7fa0be63a8af0fd46ac094e516471fd3) Importer(815301076,1909f56bfc062723c751e8b465ee728b)
Start importing Assets/PolygonFantasyKingdom/Prefabs/House/SM_Bld_House_Wall_Half_Window_01.prefab using Guid(7fa0be63a8af0fd46ac094e516471fd3) Importer(815301076,1909f56bfc062723c751e8b465ee728b)  -> (artifact id: 'aed699d4a40d6966afbd593aff08587a') in 0.387941 seconds
Number of updated asset objects reloaded before import = 0
Number of asset objects unloaded after import = 20
========================================================================
Received Import Request.
  Time since last request: 0.262026 seconds.
  path: Assets/PolygonFantasyKingdom/Prefabs/Castle/SM_Bld_Castle_Wall_Corner_S_Window_01.prefab
  artifactKey: Guid(bbaf005b078aa024eaf12f8288570581) Importer(815301076,1909f56bfc062723c751e8b465ee728b)
Start importing Assets/PolygonFantasyKingdom/Prefabs/Castle/SM_Bld_Castle_Wall_Corner_S_Window_01.prefab using Guid(bbaf005b078aa024eaf12f8288570581) Importer(815301076,1909f56bfc062723c751e8b465ee728b)  -> (artifact id: '67d49403c3fd80f78094af7eb9da4017') in 0.030938 seconds
Number of updated asset objects reloaded before import = 0
Number of asset objects unloaded after import = 24
========================================================================
Received Import Request.
  Time since last request: 0.000042 seconds.
  path: Assets/PolygonFantasyKingdom/Prefabs/Castle/SM_Bld_Castle_Wall_Corner_L_Window_01.prefab
  artifactKey: Guid(81b61546e13609d438d99dea009fa37b) Importer(815301076,1909f56bfc062723c751e8b465ee728b)
Start importing Assets/PolygonFantasyKingdom/Prefabs/Castle/SM_Bld_Castle_Wall_Corner_L_Window_01.prefab using Guid(81b61546e13609d438d99dea009fa37b) Importer(815301076,1909f56bfc062723c751e8b465ee728b)  -> (artifact id: 'ca5fd53b792adc53022742e46e4e58a2') in 0.025215 seconds
Number of updated asset objects reloaded before import = 0
Number of asset objects unloaded after import = 24
========================================================================
Received Prepare
Begin MonoManager ReloadAssembly
- Loaded All Assemblies, in  0.449 seconds
Refreshing native plugins compatible for Editor in 1.88 ms, found 3 plugins.
Native extension for WindowsStandalone target not found
Native extension for WebGL target not found
[Package Manager] Server::EnsureServerProcessIsRunning -- launch failed, reason: Unity was launched with the -noUpm command-line argument
[Package Manager] UpmClient::Send -- Unable to send message (not connected to UPM process).
[Package Manager] Cannot connect to Unity Package Manager local server
Mono: successfully reloaded assembly
- Finished resetting the current domain, in  0.885 seconds
Domain Reload Profiling: 1333ms
	BeginReloadAssembly (167ms)
		ExecutionOrderSort (0ms)
		DisableScriptedObjects (10ms)
		BackupInstance (0ms)
		ReleaseScriptingObjects (0ms)
		CreateAndSetChildDomain (50ms)
	RebuildCommonClasses (39ms)
	RebuildNativeTypeToScriptingClass (15ms)
	initialDomainReloadingComplete (28ms)
	LoadAllAssembliesAndSetupDomain (199ms)
		LoadAssemblies (238ms)
		RebuildTransferFunctionScriptingTraits (0ms)
		AnalyzeDomain (38ms)
			TypeCache.Refresh (7ms)
				TypeCache.ScanAssembly (0ms)
			ScanForSourceGeneratedMonoScriptInfo (22ms)
			ResolveRequiredComponents (8ms)
	FinalizeReload (885ms)
		ReleaseScriptCaches (0ms)
		RebuildScriptCaches (0ms)
		SetupLoadedEditorAssemblies (413ms)
			LogAssemblyErrors (0ms)
			InitializePlatformSupportModulesInManaged (7ms)
			SetLoadedEditorAssemblies (3ms)
			RefreshPlugins (0ms)
			BeforeProcessingInitializeOnLoad (64ms)
			ProcessInitializeOnLoadAttributes (277ms)
			ProcessInitializeOnLoadMethodAttributes (56ms)
			AfterProcessingInitializeOnLoad (6ms)
			EditorAssembliesLoaded (0ms)
		ExecutionOrderSort2 (0ms)
		AwakeInstancesAfterBackupRestoration (16ms)
Refreshing native plugins compatible for Editor in 2.80 ms, found 3 plugins.
Preloading 0 native plugins for Editor in 0.00 ms.
Unloading 4762 Unused Serialized files (Serialized files now loaded: 0)
Unloading 49 unused Assets / (0.7 MB). Loaded Objects now: 5420.
Memory consumption went from 183.0 MB to 182.2 MB.
Total: 3.780900 ms (FindLiveObjects: 0.506700 ms CreateObjectMapping: 0.298500 ms MarkObjects: 2.607700 ms  DeleteObjects: 0.366800 ms)

Prepare: number of updated asset objects reloaded= 0
AssetImportParameters requested are different than current active one (requested -> active):
  custom:container-demuxer-ogg: 62fdf1f143b41e24485cea50d1cbac27 -> 
  custom:video-codec-MediaFoundation-h265: 746d11721c4dcdbdad8f713fa42b33f4 -> 
  custom:video-decoder-ogg-theora: a1e56fd34408186e4bbccfd4996cb3dc -> 
  custom:framework-win-MediaFoundation: 216162199b28c13a410421893ffa2e32 -> 
  custom:CustomObjectIndexerAttribute: a3ef5dd2817f97addfee359851a9dba5 -> 
  custom:container-demuxer-webm: 4f35f7cbe854078d1ac9338744f61a02 -> 
  custom:container-muxer-webm: aa71ff27fc2769a1b78a27578f13a17b -> 
  custom:video-decoder-webm-vp8: 9c59270c3fd7afecdb556c50c9e8de78 -> 
  custom:SearchIndexIgnoredProperties: e643bd26f0fe6173181afceb89e7c659 -> 
  custom:AudioImporter_EditorPlatform: d09bf68614088b80899f8185d706f6e7 -> 
  custom:video-encoder-webm-vp8: eb34c28f22e8b96e1ab97ce403110664 -> 
  custom:audio-decoder-ogg-vorbis: bf7c407c2cedff20999df2af8eb42d56 -> 
  custom:audio-encoder-webm-vorbis: bf7c407c2cedff20999df2af8eb42d56 -> 
========================================================================
Received Import Request.
  Time since last request: 203.814886 seconds.
  path: Assets/PolygonFantasyKingdom/Prefabs/Items/SM_Item_Wargames_Piece_01.prefab
  artifactKey: Guid(a8ad9d0b3e3a03047a661ea9ac8663d1) Importer(815301076,1909f56bfc062723c751e8b465ee728b)
Start importing Assets/PolygonFantasyKingdom/Prefabs/Items/SM_Item_Wargames_Piece_01.prefab using Guid(a8ad9d0b3e3a03047a661ea9ac8663d1) Importer(815301076,1909f56bfc062723c751e8b465ee728b)  -> (artifact id: '121ae57dd16a7c24c37a8fc98f14f61f') in 0.276130 seconds
Number of updated asset objects reloaded before import = 0
Number of asset objects unloaded after import = 32
========================================================================
Received Import Request.
  Time since last request: 0.000029 seconds.
  path: Assets/PolygonFantasyKingdom/Models/SM_Item_Wargames_Piece_02.fbx
  artifactKey: Guid(f65bf38eb2578d14ea26eeb679043a63) Importer(815301076,1909f56bfc062723c751e8b465ee728b)
Start importing Assets/PolygonFantasyKingdom/Models/SM_Item_Wargames_Piece_02.fbx using Guid(f65bf38eb2578d14ea26eeb679043a63) Importer(815301076,1909f56bfc062723c751e8b465ee728b)  -> (artifact id: '1531fb6f41e59bacb472f2fdef63d3a7') in 0.042723 seconds
Number of updated asset objects reloaded before import = 0
Number of asset objects unloaded after import = 8
========================================================================
Received Import Request.
  Time since last request: 0.000034 seconds.
  path: Assets/PolygonFantasyKingdom/Models/SM_Item_Wargames_Piece_15.fbx
  artifactKey: Guid(4e91fe922cfc88d45b1c51bc33df8633) Importer(815301076,1909f56bfc062723c751e8b465ee728b)
Start importing Assets/PolygonFantasyKingdom/Models/SM_Item_Wargames_Piece_15.fbx using Guid(4e91fe922cfc88d45b1c51bc33df8633) Importer(815301076,1909f56bfc062723c751e8b465ee728b)  -> (artifact id: '4e8795f85d991e685a34f3098f33d9df') in 0.020299 seconds
Number of updated asset objects reloaded before import = 0
Number of asset objects unloaded after import = 8
========================================================================
Received Import Request.
  Time since last request: 0.000023 seconds.
  path: Assets/PolygonFantasyKingdom/Models/Convex/SM_Item_Wargames_Piece_04_Convex.asset
  artifactKey: Guid(826c4cc0948c2a64488606807cc2439f) Importer(815301076,1909f56bfc062723c751e8b465ee728b)
Start importing Assets/PolygonFantasyKingdom/Models/Convex/SM_Item_Wargames_Piece_04_Convex.asset using Guid(826c4cc0948c2a64488606807cc2439f) Importer(815301076,1909f56bfc062723c751e8b465ee728b)  -> (artifact id: '896ae3ae91a270a86adbdf5568edf8a9') in 0.016909 seconds
Number of updated asset objects reloaded before import = 0
Number of asset objects unloaded after import = 2
========================================================================
Received Import Request.
  Time since last request: 0.000027 seconds.
  path: Assets/PolygonFantasyKingdom/Models/Convex/SM_Item_Wargames_Piece_14_Convex.asset
  artifactKey: Guid(b4e1d7766a9b59546988026060c2da81) Importer(815301076,1909f56bfc062723c751e8b465ee728b)
Start importing Assets/PolygonFantasyKingdom/Models/Convex/SM_Item_Wargames_Piece_14_Convex.asset using Guid(b4e1d7766a9b59546988026060c2da81) Importer(815301076,1909f56bfc062723c751e8b465ee728b)  -> (artifact id: '998204f38b7f9c9e6153882bb953ca61') in 0.014211 seconds
Number of updated asset objects reloaded before import = 0
Number of asset objects unloaded after import = 2
========================================================================
Received Import Request.
  Time since last request: 0.000019 seconds.
  path: Assets/PolygonFantasyKingdom/Models/Convex/SM_Item_Wargames_Piece_06_Convex.asset
  artifactKey: Guid(b5f518ebce939af49a02f86063dff830) Importer(815301076,1909f56bfc062723c751e8b465ee728b)
Start importing Assets/PolygonFantasyKingdom/Models/Convex/SM_Item_Wargames_Piece_06_Convex.asset using Guid(b5f518ebce939af49a02f86063dff830) Importer(815301076,1909f56bfc062723c751e8b465ee728b)  -> (artifact id: '7dc3b3ffb45b6fef39203ae52434943d') in 0.013284 seconds
Number of updated asset objects reloaded before import = 0
Number of asset objects unloaded after import = 2
========================================================================
Received Import Request.
  Time since last request: 0.000023 seconds.
  path: Assets/PolygonFantasyKingdom/Prefabs/Items/SM_Item_Wargames_Piece_04.prefab
  artifactKey: Guid(b2e5984ae8fbcc44fafd7bd28959450f) Importer(815301076,1909f56bfc062723c751e8b465ee728b)
Start importing Assets/PolygonFantasyKingdom/Prefabs/Items/SM_Item_Wargames_Piece_04.prefab using Guid(b2e5984ae8fbcc44fafd7bd28959450f) Importer(815301076,1909f56bfc062723c751e8b465ee728b)  -> (artifact id: 'bc4f98d61b3f4e3862f4bfff6db8e70b') in 0.041284 seconds
Number of updated asset objects reloaded before import = 0
Number of asset objects unloaded after import = 14
========================================================================
Received Import Request.
  Time since last request: 0.000031 seconds.
  path: Assets/PolygonFantasyKingdom/Models/SM_Item_Wargames_Piece_14.fbx
  artifactKey: Guid(dad84d60c8e759246bb1d563aa401114) Importer(815301076,1909f56bfc062723c751e8b465ee728b)
Start importing Assets/PolygonFantasyKingdom/Models/SM_Item_Wargames_Piece_14.fbx using Guid(dad84d60c8e759246bb1d563aa401114) Importer(815301076,1909f56bfc062723c751e8b465ee728b)  -> (artifact id: '92b2299d2395c63931d7e69ae469b906') in 0.018972 seconds
Number of updated asset objects reloaded before import = 0
Number of asset objects unloaded after import = 8
========================================================================
Received Import Request.
  Time since last request: 0.000027 seconds.
  path: Assets/PolygonFantasyKingdom/Prefabs/Items/SM_Item_Wargames_Piece_11.prefab
  artifactKey: Guid(2413da8023e24154195cb56665afbd43) Importer(815301076,1909f56bfc062723c751e8b465ee728b)
Start importing Assets/PolygonFantasyKingdom/Prefabs/Items/SM_Item_Wargames_Piece_11.prefab using Guid(2413da8023e24154195cb56665afbd43) Importer(815301076,1909f56bfc062723c751e8b465ee728b)  -> (artifact id: '72a3db199adb6e0951efb4aa9d57a1a6') in 0.041958 seconds
Number of updated asset objects reloaded before import = 0
Number of asset objects unloaded after import = 14
========================================================================
Received Import Request.
  Time since last request: 0.000024 seconds.
  path: Assets/PolygonFantasyKingdom/Prefabs/Items/SM_Item_Wargames_Piece_13.prefab
  artifactKey: Guid(862a5dde78ff1814da3d369f688d5571) Importer(815301076,1909f56bfc062723c751e8b465ee728b)
Start importing Assets/PolygonFantasyKingdom/Prefabs/Items/SM_Item_Wargames_Piece_13.prefab using Guid(862a5dde78ff1814da3d369f688d5571) Importer(815301076,1909f56bfc062723c751e8b465ee728b)  -> (artifact id: '8f62d106711a8f066c7af53fb5d2d14b') in 0.045944 seconds
Number of updated asset objects reloaded before import = 0
Number of asset objects unloaded after import = 14
========================================================================
Received Import Request.
  Time since last request: 0.000053 seconds.
  path: Assets/PolygonFantasyKingdom/Models/SM_Item_Wargames_Piece_05.fbx
  artifactKey: Guid(9ce1cfdc9e7c76b4aa64513bd6895df5) Importer(815301076,1909f56bfc062723c751e8b465ee728b)
Start importing Assets/PolygonFantasyKingdom/Models/SM_Item_Wargames_Piece_05.fbx using Guid(9ce1cfdc9e7c76b4aa64513bd6895df5) Importer(815301076,1909f56bfc062723c751e8b465ee728b)  -> (artifact id: '9e3e4a1e288224469245fc68d7183dac') in 0.020504 seconds
Number of updated asset objects reloaded before import = 0
Number of asset objects unloaded after import = 8
========================================================================
Received Import Request.
  Time since last request: 0.000030 seconds.
  path: Assets/PolygonFantasyKingdom/Models/Convex/SM_Item_Wargames_Piece_10_Convex.asset
  artifactKey: Guid(9eac24436a59e26489c0b560ff648e83) Importer(815301076,1909f56bfc062723c751e8b465ee728b)
Start importing Assets/PolygonFantasyKingdom/Models/Convex/SM_Item_Wargames_Piece_10_Convex.asset using Guid(9eac24436a59e26489c0b560ff648e83) Importer(815301076,1909f56bfc062723c751e8b465ee728b)  -> (artifact id: '39d325a4531412ff2ed06f515568d8f5') in 0.014679 seconds
Number of updated asset objects reloaded before import = 0
Number of asset objects unloaded after import = 2
========================================================================
Received Import Request.
  Time since last request: 0.000030 seconds.
  path: Assets/PolygonFantasyKingdom/Prefabs/Items/SM_Item_Wargames_Piece_14.prefab
  artifactKey: Guid(bfcda610ce402a247928edec924ac153) Importer(815301076,1909f56bfc062723c751e8b465ee728b)
Start importing Assets/PolygonFantasyKingdom/Prefabs/Items/SM_Item_Wargames_Piece_14.prefab using Guid(bfcda610ce402a247928edec924ac153) Importer(815301076,1909f56bfc062723c751e8b465ee728b)  -> (artifact id: '2bf8f562c0fe7c746eccc3868ef3a9fa') in 0.040128 seconds
Number of updated asset objects reloaded before import = 0
Number of asset objects unloaded after import = 14
========================================================================
Received Import Request.
  Time since last request: 0.000041 seconds.
  path: Assets/PolygonFantasyKingdom/Prefabs/Items/SM_Item_Wargames_Piece_07.prefab
  artifactKey: Guid(cf524a6a28af1d545a13e43220892116) Importer(815301076,1909f56bfc062723c751e8b465ee728b)
Start importing Assets/PolygonFantasyKingdom/Prefabs/Items/SM_Item_Wargames_Piece_07.prefab using Guid(cf524a6a28af1d545a13e43220892116) Importer(815301076,1909f56bfc062723c751e8b465ee728b)  -> (artifact id: '5eba408dd7908be7c53fb86438fed9a5') in 0.039984 seconds
Number of updated asset objects reloaded before import = 0
Number of asset objects unloaded after import = 14
========================================================================
Received Import Request.
  Time since last request: 0.000024 seconds.
  path: Assets/PolygonFantasyKingdom/Models/Convex/SM_Item_Wargames_Piece_13_Convex.asset
  artifactKey: Guid(e889f593778bb324eb26ff852803a486) Importer(815301076,1909f56bfc062723c751e8b465ee728b)
Start importing Assets/PolygonFantasyKingdom/Models/Convex/SM_Item_Wargames_Piece_13_Convex.asset using Guid(e889f593778bb324eb26ff852803a486) Importer(815301076,1909f56bfc062723c751e8b465ee728b)  -> (artifact id: 'b5662bc3a89d629e0db1d935e915c97c') in 0.012408 seconds
Number of updated asset objects reloaded before import = 0
Number of asset objects unloaded after import = 2
========================================================================
Received Import Request.
  Time since last request: 0.000026 seconds.
  path: Assets/PolygonFantasyKingdom/Prefabs/Items/SM_Item_Wargames_Piece_03.prefab
  artifactKey: Guid(fa7ac84c38948a24dad7ab6092e5933d) Importer(815301076,1909f56bfc062723c751e8b465ee728b)
Start importing Assets/PolygonFantasyKingdom/Prefabs/Items/SM_Item_Wargames_Piece_03.prefab using Guid(fa7ac84c38948a24dad7ab6092e5933d) Importer(815301076,1909f56bfc062723c751e8b465ee728b)  -> (artifact id: 'b71c78bea5de77066f564d5ca65a51cf') in 0.036497 seconds
Number of updated asset objects reloaded before import = 0
Number of asset objects unloaded after import = 14
========================================================================
Received Import Request.
  Time since last request: 0.000046 seconds.
  path: Assets/PolygonFantasyKingdom/Prefabs/Items/SM_Item_Wargames_Piece_05.prefab
  artifactKey: Guid(b58b4b701f0ba844eb86edda35961ff9) Importer(815301076,1909f56bfc062723c751e8b465ee728b)
Start importing Assets/PolygonFantasyKingdom/Prefabs/Items/SM_Item_Wargames_Piece_05.prefab using Guid(b58b4b701f0ba844eb86edda35961ff9) Importer(815301076,1909f56bfc062723c751e8b465ee728b)  -> (artifact id: 'b76ffb286b6f43be73b0076fd18c97ad') in 0.038698 seconds
Number of updated asset objects reloaded before import = 0
Number of asset objects unloaded after import = 14
========================================================================
Received Import Request.
  Time since last request: 0.000035 seconds.
  path: Assets/PolygonFantasyKingdom/Prefabs/Items/SM_Item_Wargames_Piece_15.prefab
  artifactKey: Guid(3b6fbee2ae248b34f99fd5158c282e59) Importer(815301076,1909f56bfc062723c751e8b465ee728b)
Start importing Assets/PolygonFantasyKingdom/Prefabs/Items/SM_Item_Wargames_Piece_15.prefab using Guid(3b6fbee2ae248b34f99fd5158c282e59) Importer(815301076,1909f56bfc062723c751e8b465ee728b)  -> (artifact id: '4c6fc9b91812d6024dd04bd593aa1499') in 0.036593 seconds
Number of updated asset objects reloaded before import = 0
Number of asset objects unloaded after import = 14
========================================================================
Received Import Request.
  Time since last request: 0.000026 seconds.
  path: Assets/PolygonFantasyKingdom/Models/Convex/SM_Item_Wargames_Piece_01_Convex.asset
  artifactKey: Guid(9a5e39a01dabf48489c782655cd1aafa) Importer(815301076,1909f56bfc062723c751e8b465ee728b)
Start importing Assets/PolygonFantasyKingdom/Models/Convex/SM_Item_Wargames_Piece_01_Convex.asset using Guid(9a5e39a01dabf48489c782655cd1aafa) Importer(815301076,1909f56bfc062723c751e8b465ee728b)  -> (artifact id: '046992eb0a6471f882cdb96658371ad8') in 0.015600 seconds
Number of updated asset objects reloaded before import = 0
Number of asset objects unloaded after import = 2
========================================================================
Received Import Request.
  Time since last request: 0.000057 seconds.
  path: Assets/PolygonFantasyKingdom/Models/Convex/SM_Item_Wargames_Piece_02_Convex.asset
  artifactKey: Guid(9eb7a3b7c3825a94a91115d31cc1136e) Importer(815301076,1909f56bfc062723c751e8b465ee728b)
Start importing Assets/PolygonFantasyKingdom/Models/Convex/SM_Item_Wargames_Piece_02_Convex.asset using Guid(9eb7a3b7c3825a94a91115d31cc1136e) Importer(815301076,1909f56bfc062723c751e8b465ee728b)  -> (artifact id: 'b9fa4d9d6879740bb2654fd7b54dc2cf') in 0.014461 seconds
Number of updated asset objects reloaded before import = 0
Number of asset objects unloaded after import = 2
========================================================================
Received Import Request.
  Time since last request: 0.000025 seconds.
  path: Assets/PolygonFantasyKingdom/Prefabs/Items/SM_Item_Wargames_Piece_10.prefab
  artifactKey: Guid(ac25e0f5e6fa2e546a99e1e1d1918816) Importer(815301076,1909f56bfc062723c751e8b465ee728b)
Start importing Assets/PolygonFantasyKingdom/Prefabs/Items/SM_Item_Wargames_Piece_10.prefab using Guid(ac25e0f5e6fa2e546a99e1e1d1918816) Importer(815301076,1909f56bfc062723c751e8b465ee728b)  -> (artifact id: '1e2c79cbd62115b49e75fdc3f43a3b5e') in 0.036042 seconds
Number of updated asset objects reloaded before import = 0
Number of asset objects unloaded after import = 14
========================================================================
Received Import Request.
  Time since last request: 0.000025 seconds.
  path: Assets/PolygonFantasyKingdom/Models/SM_Item_Wargames_Piece_07.fbx
  artifactKey: Guid(05a65c3fed88fa241b8fd57b60eaa7ce) Importer(815301076,1909f56bfc062723c751e8b465ee728b)
Start importing Assets/PolygonFantasyKingdom/Models/SM_Item_Wargames_Piece_07.fbx using Guid(05a65c3fed88fa241b8fd57b60eaa7ce) Importer(815301076,1909f56bfc062723c751e8b465ee728b)  -> (artifact id: 'df52acc92aa256be1d2398c1d862767f') in 0.017319 seconds
Number of updated asset objects reloaded before import = 0
Number of asset objects unloaded after import = 8
Editor requested this worker to shutdown with reason: Scaling down because of idle timeout
TcpMessagingSession - receive error: operation aborted. errorcode: 995, details: The I/O operation has been aborted because of either a thread exit or an application request.
AssetImportWorker is now disconnected from the server
Process exiting
Exiting without the bug reporter. Application will terminate with return code 0